Apphangar/manifest-merger-release-report.txt
-- Merging decision tree log ---
manifest
ADDED from AndroidManifest.xml:2:1
	package
		ADDED from AndroidManifest.xml:3:5
	android:versionName
		ADDED from AndroidManifest.xml:7:5
	android:maxSdkVersion
		ADDED from AndroidManifest.xml:5:5
	android:permission
		ADDED from AndroidManifest.xml:4:5
	android:versionCode
		ADDED from AndroidManifest.xml:6:5
		INJECTED from AndroidManifest.xml:0:0
		INJECTED from AndroidManifest.xml:0:0
	xmlns:android
		ADDED from AndroidManifest.xml:2:11
uses-permission#android.permission.GET_TASKS
ADDED from AndroidManifest.xml:9:5
	android:name
		ADDED from AndroidManifest.xml:9:22
uses-permission#android.permission.RECEIVE_BOOT_COMPLETED
ADDED from AndroidManifest.xml:10:5
	android:name
		ADDED from AndroidManifest.xml:10:22
uses-permission#com.android.vending.BILLING
ADDED from AndroidManifest.xml:11:5
	android:name
		ADDED from AndroidManifest.xml:11:22
application
ADDED from AndroidManifest.xml:13:5
	android:label
		ADDED from AndroidManifest.xml:17:9
	android:allowBackup
		ADDED from AndroidManifest.xml:14:9
	android:icon
		ADDED from AndroidManifest.xml:15:9
	android:theme
		ADDED from AndroidManifest.xml:18:9
	android:logo
		ADDED from AndroidManifest.xml:16:9
receiver#ca.mimic.apphangar.BootStart
ADDED from AndroidManifest.xml:19:9
	android:enabled
		ADDED from AndroidManifest.xml:21:13
	android:exported
		ADDED from AndroidManifest.xml:22:13
	android:name
		ADDED from AndroidManifest.xml:20:13
intent-filter#android.intent.action.BOOT_COMPLETED
ADDED from AndroidManifest.xml:23:13
action#android.intent.action.BOOT_COMPLETED
ADDED from AndroidManifest.xml:24:17
	android:name
		ADDED from AndroidManifest.xml:24:25
receiver#ca.mimic.apphangar.StatsWidget
ADDED from AndroidManifest.xml:27:9
	android:label
		ADDED from AndroidManifest.xml:30:13
	android:icon
		ADDED from AndroidManifest.xml:29:13
	android:name
		ADDED from AndroidManifest.xml:28:13
intent-filter#android.appwidget.action.APPWIDGET_UPDATE
ADDED from AndroidManifest.xml:31:13
action#android.appwidget.action.APPWIDGET_UPDATE
ADDED from AndroidManifest.xml:32:17
	android:name
		ADDED from AndroidManifest.xml:32:25
intent-filter#android.intent.action.CONFIGURATION_CHANGED
ADDED from AndroidManifest.xml:34:13
action#android.intent.action.CONFIGURATION_CHANGED
ADDED from AndroidManifest.xml:35:17
	android:name
		ADDED from AndroidManifest.xml:35:25
meta-data#android.appwidget.provider
ADDED from AndroidManifest.xml:38:13
	android:resource
		ADDED from AndroidManifest.xml:40:17
	android:name
		ADDED from AndroidManifest.xml:39:17
receiver#ca.mimic.apphangar.AppsWidget
ADDED from AndroidManifest.xml:42:9
	android:label
		ADDED from AndroidManifest.xml:45:13
	android:icon
		ADDED from AndroidManifest.xml:44:13
	android:name
		ADDED from AndroidManifest.xml:43:13
activity#ca.mimic.apphangar.StatsWidgetSettings
ADDED from AndroidManifest.xml:58:9
	android:icon
		ADDED from AndroidManifest.xml:60:13
	android:theme
		ADDED from AndroidManifest.xml:61:13
	android:name
		ADDED from AndroidManifest.xml:59:13
intent-filter#android.appwidget.action.APPWIDGET_CONFIGURE
ADDED from AndroidManifest.xml:62:13
action#android.appwidget.action.APPWIDGET_CONFIGURE
ADDED from AndroidManifest.xml:63:17
	android:name
		ADDED from AndroidManifest.xml:63:25
activity#ca.mimic.apphangar.AppsWidgetSettings
ADDED from AndroidManifest.xml:66:9
	android:icon
		ADDED from AndroidManifest.xml:68:13
	android:theme
		ADDED from AndroidManifest.xml:69:13
	android:name
		ADDED from AndroidManifest.xml:67:13
service#ca.mimic.apphangar.WatchfulService
ADDED from AndroidManifest.xml:75:9
	android:process
		ADDED from AndroidManifest.xml:79:13
	android:exported
		ADDED from AndroidManifest.xml:78:13
	android:icon
		ADDED from AndroidManifest.xml:77:13
	android:name
		ADDED from AndroidManifest.xml:76:13
activity#ca.mimic.apphangar.Settings
ADDED from AndroidManifest.xml:82:9
	android:label
		ADDED from AndroidManifest.xml:85:13
	android:launchMode
		ADDED from AndroidManifest.xml:86:13
	android:configChanges
		ADDED from AndroidManifest.xml:84:13
	android:theme
		ADDED from AndroidManifest.xml:87:13
	android:name
		ADDED from AndroidManifest.xml:83:13
intent-filter#android.intent.action.MAIN+android.intent.category.LAUNCHER
ADDED from AndroidManifest.xml:88:13
action#android.intent.action.MAIN
ADDED from AndroidManifest.xml:89:17
	android:name
		ADDED from AndroidManifest.xml:89:25
category#android.intent.category.LAUNCHER
ADDED from AndroidManifest.xml:91:17
	android:name
		ADDED from AndroidManifest.xml:91:27
activity#ca.mimic.apphangar.Instructions
ADDED from AndroidManifest.xml:94:9
	android:label
		ADDED from AndroidManifest.xml:96:13
	android:parentActivityName
		ADDED from AndroidManifest.xml:97:13
	android:theme
		ADDED from AndroidManifest.xml:98:13
	android:name
		ADDED from AndroidManifest.xml:95:13
meta-data#android.support.PARENT_ACTIVITY
ADDED from AndroidManifest.xml:99:13
	android:value
		ADDED from AndroidManifest.xml:101:17
	android:name
		ADDED from AndroidManifest.xml:100:17
uses-sdk
INJECTED from AndroidManifest.xml:0:0 reason: use-sdk injection requested
	android:targetSdkVersion
		INJECTED from AndroidManifest.xml:0:0
		INJECTED from AndroidManifest.xml:0:0
	android:minSdkVersion
		INJECTED from AndroidManifest.xml:0:0
		INJECTED from AndroidManifest.xml:0:0